<?xml version="1.0" encoding="UTF-8"?>
<coverage generated="1786542824809" clover="3.2.0">
  <project timestamp="1786542824809" name="All files">
    <metrics statements="25" coveredstatements="25" conditionals="17" coveredconditionals="17" methods="5" coveredmethods="5" elements="47" coveredelements="47" complexity="0" loc="25" ncloc="25" packages="1" files="1" classes="1"/>
    <file name="composable.ts" path="/Users/gatto/Developer/scaccogatto/vue-throttle-event/src/composable.ts">
      <metrics statements="25" coveredstatements="25" conditionals="17" coveredconditionals="17" methods="5" coveredmethods="5"/>
      <line num="38" count="20" type="cond" truecount="2" falsecount="0"/>
      <line num="39" count="2" type="stmt"/>
      <line num="42" count="18" type="cond" truecount="3" falsecount="0"/>
      <line num="44" count="20" type="stmt"/>
      <line num="45" count="20" type="stmt"/>
      <line num="47" count="20" type="stmt"/>
      <line num="50" count="22" type="cond" truecount="4" falsecount="0"/>
      <line num="51" count="6" type="stmt"/>
      <line num="53" count="16" type="stmt"/>
      <line num="55" count="22" type="cond" truecount="2" falsecount="0"/>
      <line num="57" count="15" type="stmt"/>
      <line num="58" count="9" type="stmt"/>
      <line num="59" count="9" type="stmt"/>
      <line num="60" count="9" type="stmt"/>
      <line num="63" count="9" type="cond" truecount="2" falsecount="0"/>
      <line num="67" count="20" type="stmt"/>
      <line num="69" count="20" type="stmt"/>
      <line num="70" count="6" type="stmt"/>
      <line num="71" count="6" type="cond" truecount="2" falsecount="0"/>
      <line num="72" count="1" type="stmt"/>
      <line num="73" count="1" type="stmt"/>
      <line num="75" count="6" type="stmt"/>
      <line num="79" count="20" type="cond" truecount="2" falsecount="0"/>
      <line num="80" count="1" type="stmt"/>
      <line num="83" count="18" type="stmt"/>
    </file>
  </project>
</coverage>
