{"/Users/gatto/Developer/scaccogatto/vue-throttle-event/src/composable.ts": {"path":"/Users/gatto/Developer/scaccogatto/vue-throttle-event/src/composable.ts","statementMap":{"0":{"start":{"line":38,"column":2},"end":{"line":40,"column":null}},"1":{"start":{"line":39,"column":4},"end":{"line":39,"column":null}},"2":{"start":{"line":42,"column":50},"end":{"line":42,"column":null}},"3":{"start":{"line":44,"column":29},"end":{"line":44,"column":null}},"4":{"start":{"line":45,"column":30},"end":{"line":45,"column":null}},"5":{"start":{"line":47,"column":8},"end":{"line":65,"column":null}},"6":{"start":{"line":50,"column":4},"end":{"line":54,"column":null}},"7":{"start":{"line":51,"column":6},"end":{"line":51,"column":null}},"8":{"start":{"line":53,"column":6},"end":{"line":53,"column":null}},"9":{"start":{"line":55,"column":4},"end":{"line":55,"column":null}},"10":{"start":{"line":55,"column":24},"end":{"line":55,"column":null}},"11":{"start":{"line":57,"column":4},"end":{"line":64,"column":null}},"12":{"start":{"line":58,"column":6},"end":{"line":58,"column":null}},"13":{"start":{"line":59,"column":16},"end":{"line":59,"column":null}},"14":{"start":{"line":60,"column":6},"end":{"line":60,"column":null}},"15":{"start":{"line":63,"column":6},"end":{"line":63,"column":null}},"16":{"start":{"line":63,"column":22},"end":{"line":63,"column":null}},"17":{"start":{"line":67,"column":2},"end":{"line":67,"column":null}},"18":{"start":{"line":69,"column":8},"end":{"line":76,"column":null}},"19":{"start":{"line":70,"column":4},"end":{"line":70,"column":null}},"20":{"start":{"line":71,"column":4},"end":{"line":74,"column":null}},"21":{"start":{"line":72,"column":6},"end":{"line":72,"column":null}},"22":{"start":{"line":73,"column":6},"end":{"line":73,"column":null}},"23":{"start":{"line":75,"column":4},"end":{"line":75,"column":null}},"24":{"start":{"line":79,"column":2},"end":{"line":81,"column":null}},"25":{"start":{"line":80,"column":4},"end":{"line":80,"column":null}},"26":{"start":{"line":83,"column":2},"end":{"line":83,"column":null}}},"fnMap":{"0":{"name":"useThrottledEvent","decl":{"start":{"line":32,"column":16},"end":{"line":32,"column":null}},"loc":{"start":{"line":37,"column":14},"end":{"line":84,"column":null}},"line":37},"1":{"name":"(anonymous_1)","decl":{"start":{"line":39,"column":4},"end":{"line":39,"column":17}},"loc":{"start":{"line":39,"column":17},"end":{"line":39,"column":null}},"line":39},"2":{"name":"(anonymous_2)","decl":{"start":{"line":47,"column":8},"end":{"line":47,"column":28}},"loc":{"start":{"line":47,"column":51},"end":{"line":65,"column":null}},"line":47},"3":{"name":"(anonymous_3)","decl":{"start":{"line":57,"column":12},"end":{"line":57,"column":40}},"loc":{"start":{"line":57,"column":40},"end":{"line":64,"column":5}},"line":57},"4":{"name":"(anonymous_4)","decl":{"start":{"line":69,"column":8},"end":{"line":69,"column":27}},"loc":{"start":{"line":69,"column":27},"end":{"line":76,"column":null}},"line":69}},"branchMap":{"0":{"loc":{"start":{"line":38,"column":2},"end":{"line":40,"column":null}},"type":"if","locations":[{"start":{"line":38,"column":2},"end":{"line":40,"column":null}},{"start":{},"end":{}}],"line":38},"1":{"loc":{"start":{"line":42,"column":10},"end":{"line":42,"column":27}},"type":"default-arg","locations":[{"start":{"line":42,"column":20},"end":{"line":42,"column":27}}],"line":42},"2":{"loc":{"start":{"line":42,"column":50},"end":{"line":42,"column":null}},"type":"binary-expr","locations":[{"start":{"line":42,"column":50},"end":{"line":42,"column":61}},{"start":{"line":42,"column":61},"end":{"line":42,"column":null}}],"line":42},"3":{"loc":{"start":{"line":50,"column":4},"end":{"line":54,"column":null}},"type":"if","locations":[{"start":{"line":50,"column":4},"end":{"line":54,"column":null}},{"start":{"line":52,"column":11},"end":{"line":54,"column":null}}],"line":50},"4":{"loc":{"start":{"line":50,"column":8},"end":{"line":50,"column":35}},"type":"binary-expr","locations":[{"start":{"line":50,"column":8},"end":{"line":50,"column":19}},{"start":{"line":50,"column":19},"end":{"line":50,"column":35}}],"line":50},"5":{"loc":{"start":{"line":55,"column":4},"end":{"line":55,"column":null}},"type":"if","locations":[{"start":{"line":55,"column":4},"end":{"line":55,"column":null}},{"start":{},"end":{}}],"line":55},"6":{"loc":{"start":{"line":63,"column":6},"end":{"line":63,"column":null}},"type":"if","locations":[{"start":{"line":63,"column":6},"end":{"line":63,"column":null}},{"start":{},"end":{}}],"line":63},"7":{"loc":{"start":{"line":71,"column":4},"end":{"line":74,"column":null}},"type":"if","locations":[{"start":{"line":71,"column":4},"end":{"line":74,"column":null}},{"start":{},"end":{}}],"line":71},"8":{"loc":{"start":{"line":79,"column":2},"end":{"line":81,"column":null}},"type":"if","locations":[{"start":{"line":79,"column":2},"end":{"line":81,"column":null}},{"start":{},"end":{}}],"line":79}},"s":{"0":20,"1":2,"2":18,"3":20,"4":20,"5":20,"6":22,"7":6,"8":16,"9":22,"10":7,"11":15,"12":9,"13":9,"14":9,"15":9,"16":7,"17":20,"18":20,"19":6,"20":6,"21":1,"22":1,"23":6,"24":20,"25":1,"26":18},"f":{"0":20,"1":2,"2":22,"3":9,"4":6},"b":{"0":[2,18],"1":[18],"2":[18,12],"3":[6,16],"4":[22,8],"5":[7,15],"6":[7,2],"7":[1,5],"8":[1,19]},"meta":{"lastBranch":9,"lastFunction":5,"lastStatement":27,"seen":{"f:32:16:32:Infinity":0,"b:38:2:40:Infinity:undefined:undefined:undefined:undefined":0,"s:38:2:40:Infinity":0,"s:39:4:39:Infinity":1,"f:39:4:39:17":1,"s:42:50:42:Infinity":2,"b:42:20:42:27":1,"b:42:50:42:61:42:61:42:Infinity":2,"s:44:29:44:Infinity":3,"s:45:30:45:Infinity":4,"s:47:8:65:Infinity":5,"f:47:8:47:28":2,"b:50:4:54:Infinity:52:11:54:Infinity":3,"s:50:4:54:Infinity":6,"b:50:8:50:19:50:19:50:35":4,"s:51:6:51:Infinity":7,"s:53:6:53:Infinity":8,"b:55:4:55:Infinity:undefined:undefined:undefined:undefined":5,"s:55:4:55:Infinity":9,"s:55:24:55:Infinity":10,"s:57:4:64:Infinity":11,"f:57:12:57:40":3,"s:58:6:58:Infinity":12,"s:59:16:59:Infinity":13,"s:60:6:60:Infinity":14,"b:63:6:63:Infinity:undefined:undefined:undefined:undefined":6,"s:63:6:63:Infinity":15,"s:63:22:63:Infinity":16,"s:67:2:67:Infinity":17,"s:69:8:76:Infinity":18,"f:69:8:69:27":4,"s:70:4:70:Infinity":19,"b:71:4:74:Infinity:undefined:undefined:undefined:undefined":7,"s:71:4:74:Infinity":20,"s:72:6:72:Infinity":21,"s:73:6:73:Infinity":22,"s:75:4:75:Infinity":23,"b:79:2:81:Infinity:undefined:undefined:undefined:undefined":8,"s:79:2:81:Infinity":24,"s:80:4:80:Infinity":25,"s:83:2:83:Infinity":26},"fnNames":{}}}
}
